<?xml version="1.0" encoding="UTF-8"?>
<!-- Generated by org.testng.reporters.JUnitXMLReporter -->
<testsuite ignored="0" hostname="DESKTOP-RAMD12V" failures="0" tests="3" name="Test" time="8.687" errors="0" timestamp="2025-03-29T18:05:49 IST">
  <testcase classname="testNG.testNGfirstprogramme" name="setup" time="8.445"/>
  <testcase classname="testNG.testNGfirstprogramme" name="findtitle" time="0.014"/>
  <testcase classname="testNG.testNGfirstprogramme" name="closebrowser" time="0.173"/>
</testsuite> <!-- Test -->
